<?xml version="1.0" encoding="UTF-8"?>
<testng-results skipped="1" failed="0" ignored="0" total="1" passed="0">
  <reporter-output>
  </reporter-output>
  <suite name="SuiteCRM Regression Automation" duration-ms="318" started-at="2018-12-27T00:58:14Z" finished-at="2018-12-27T00:58:14Z">
    <groups>
      <group name="cucumber">
        <method signature="AbstractTestNGCucumberTests.runScenario(cucumber.api.testng.PickleEventWrapper, cucumber.api.testng.CucumberFeatureWrapper)[pri:0, instance:com.app.runners.CukesRunner@3fee9989]" name="runScenario" class="cucumber.api.testng.AbstractTestNGCucumberTests"/>
      </group> <!-- cucumber -->
    </groups>
    <test name="Automated tests" duration-ms="318" started-at="2018-12-27T00:58:14Z" finished-at="2018-12-27T00:58:14Z">
      <class name="com.app.runners.CukesRunner">
        <test-method status="PASS" signature="setUpClass()[pri:0, instance:com.app.runners.CukesRunner@3fee9989]" name="setUpClass" is-config="true" duration-ms="128" started-at="2018-12-27T00:58:14Z" finished-at="2018-12-27T00:58:14Z">
          <reporter-output>
          </reporter-output>
        </test-method> <!-- setUpClass -->
        <test-method status="SKIP" signature="runScenario(cucumber.api.testng.PickleEventWrapper, cucumber.api.testng.CucumberFeatureWrapper)[pri:0, instance:com.app.runners.CukesRunner@3fee9989]" name="runScenario" duration-ms="133" started-at="2018-12-27T00:58:14Z" description="Runs Cucumber Scenarios" data-provider="scenarios" finished-at="2018-12-27T00:58:14Z">
          <params>
            <param index="0">
              <value>
                <![CDATA["CRM Name and and Modules"]]>
              </value>
            </param>
            <param index="1">
              <value>
                <![CDATA["User Interface"]]>
              </value>
            </param>
          </params>
          <exception class="org.testng.SkipException">
            <message>
              <![CDATA[cucumber.api.PendingException: TODO: implement me
at com.app.step_defenitions.UITest.i_log_in(UITest.java:11)
at ✽.I log in "SuiteCRM"(src/test/resources/com/app/features/UserInterface.feature:5)
]]>
            </message>
            <full-stacktrace>
              <![CDATA[org.testng.SkipException: cucumber.api.PendingException: TODO: implement me
at com.app.step_defenitions.UITest.i_log_in(UITest.java:11)
at ✽.I log in "SuiteCRM"(src/test/resources/com/app/features/UserInterface.feature:5)

at cucumber.api.testng.TestCaseResultListener.getError(TestCaseResultListener.java:54)
at cucumber.api.testng.TestNGCucumberRunner.runScenario(TestNGCucumberRunner.java:72)
at cucumber.api.testng.AbstractTestNGCucumberTests.runScenario(AbstractTestNGCucumberTests.java:22)
at sun.reflect.NativeMethodAccessorImpl.invoke0(Native Method)
at sun.reflect.NativeMethodAccessorImpl.invoke(NativeMethodAccessorImpl.java:62)
at sun.reflect.DelegatingMethodAccessorImpl.invoke(DelegatingMethodAccessorImpl.java:43)
at java.lang.reflect.Method.invoke(Method.java:498)
at org.testng.internal.MethodInvocationHelper.invokeMethod(MethodInvocationHelper.java:124)
at org.testng.internal.Invoker.invokeMethod(Invoker.java:583)
at org.testng.internal.Invoker.invokeTestMethod(Invoker.java:719)
at org.testng.internal.Invoker.invokeTestMethods(Invoker.java:989)
at org.testng.internal.TestMethodWorker.invokeTestMethods(TestMethodWorker.java:125)
at org.testng.internal.TestMethodWorker.run(TestMethodWorker.java:109)
at org.testng.TestRunner.privateRun(TestRunner.java:648)
at org.testng.TestRunner.run(TestRunner.java:505)
at org.testng.SuiteRunner.runTest(SuiteRunner.java:455)
at org.testng.SuiteRunner.runSequentially(SuiteRunner.java:450)
at org.testng.SuiteRunner.privateRun(SuiteRunner.java:415)
at org.testng.SuiteRunner.run(SuiteRunner.java:364)
at org.testng.SuiteRunnerWorker.runSuite(SuiteRunnerWorker.java:52)
at org.testng.SuiteRunnerWorker.run(SuiteRunnerWorker.java:84)
at org.testng.TestNG.runSuitesSequentially(TestNG.java:1208)
at org.testng.TestNG.runSuitesLocally(TestNG.java:1137)
at org.testng.TestNG.runSuites(TestNG.java:1049)
at org.testng.TestNG.run(TestNG.java:1017)
at org.testng.remote.AbstractRemoteTestNG.run(AbstractRemoteTestNG.java:114)
at org.testng.remote.RemoteTestNG.initAndRun(RemoteTestNG.java:251)
at org.testng.remote.RemoteTestNG.main(RemoteTestNG.java:77)
Caused by: cucumber.api.PendingException: TODO: implement me
at com.app.step_defenitions.UITest.i_log_in(UITest.java:11)
at ✽.I log in "SuiteCRM"(src/test/resources/com/app/features/UserInterface.feature:5)
]]>
            </full-stacktrace>
          </exception> <!-- org.testng.SkipException -->
          <reporter-output>
          </reporter-output>
        </test-method> <!-- runScenario -->
        <test-method status="PASS" signature="tearDownClass()[pri:0, instance:com.app.runners.CukesRunner@3fee9989]" name="tearDownClass" is-config="true" duration-ms="6" started-at="2018-12-27T00:58:14Z" finished-at="2018-12-27T00:58:14Z">
          <reporter-output>
          </reporter-output>
        </test-method> <!-- tearDownClass -->
      </class> <!-- com.app.runners.CukesRunner -->
    </test> <!-- Automated tests -->
  </suite> <!-- SuiteCRM Regression Automation -->
</testng-results>
